<?xml version="1.0" encoding="UTF-8"?>
<testng-results ignored="0" total="1" passed="1" failed="0" skipped="0">
  <reporter-output>
  </reporter-output>
  <suite started-at="2022-09-16T17:42:16 IST" name="Default suite" finished-at="2022-09-16T17:45:08 IST" duration-ms="171950">
    <groups>
    </groups>
    <test started-at="2022-09-16T17:42:16 IST" name="Default test" finished-at="2022-09-16T17:45:08 IST" duration-ms="171950">
      <class name="Newtest.Newtest">
        <test-method is-config="true" signature="BF()[pri:0, instance:Newtest.Newtest@74ea2410]" started-at="2022-09-16T17:42:16 IST" name="BF" finished-at="2022-09-16T17:42:22 IST" duration-ms="5537" status="PASS">
          <reporter-output>
          </reporter-output>
        </test-method> <!-- BF -->
        <test-method signature="T()[pri:0, instance:Newtest.Newtest@74ea2410]" started-at="2022-09-16T17:42:22 IST" name="T" finished-at="2022-09-16T17:45:07 IST" duration-ms="165385" status="PASS">
          <reporter-output>
          </reporter-output>
        </test-method> <!-- T -->
        <test-method is-config="true" signature="AT()[pri:0, instance:Newtest.Newtest@74ea2410]" started-at="2022-09-16T17:45:07 IST" name="AT" finished-at="2022-09-16T17:45:08 IST" duration-ms="972" status="PASS">
          <reporter-output>
          </reporter-output>
        </test-method> <!-- AT -->
      </class> <!-- Newtest.Newtest -->
    </test> <!-- Default test -->
  </suite> <!-- Default suite -->
</testng-results>
